[INFO] 20:55:46:22 SAC/(6060:6060): Recibiendo atributos..
[INFO] 20:55:46:22 SAC/(6060:6060): /hola | 0 | 1573430145 | 0 | 1573430145 | 
[INFO] 20:55:49:202 SAC/(6060:6060): Recibiendo atributos..
[INFO] 20:55:49:202 SAC/(6060:6060): /hola | 0 | 1573430145 | -1218119079 | 1573430145 | 
[INFO] 22:17:45:848 SAC/(8390:8390): Recibiendo atributos..
[INFO] 22:17:45:978 SAC/(8390:8390): /hola | 0 | 1573430145 | 68737625 | 1573430145 | 
[INFO] 22:18:08:833 SAC/(8390:8390): Recibiendo atributos..
[INFO] 22:18:08:835 SAC/(8390:8390): /hola2 | 0 | 1573435088 | 69951104 | 1573435088 | 
[INFO] 22:18:26:303 SAC/(8390:8390): Recibiendo atributos..
[INFO] 22:18:26:303 SAC/(8390:8390): /hola | 0 | 1573430145 | 68737625 | 1573430145 | 
[INFO] 22:18:26:388 SAC/(8390:8390): Recibiendo atributos..
[INFO] 22:18:26:389 SAC/(8390:8390): /hola2 | 0 | 1573435088 | 68737625 | 1573435088 | 
[INFO] 22:18:29:230 SAC/(8390:8390): Recibiendo atributos..
[INFO] 22:18:29:232 SAC/(8390:8390): /hola2 | 0 | 1573435088 | 68737625 | 1573435088 | 
[INFO] 22:18:30:397 SAC/(8390:8390): Recibiendo atributos..
[INFO] 22:18:30:398 SAC/(8390:8390): /hola2 | 0 | 1573435088 | 67571215 | 1573435088 | 
[INFO] 22:18:30:479 SAC/(8390:8390): Recibiendo atributos..
[INFO] 22:18:30:480 SAC/(8390:8390): /hola2 | 0 | 1573435088 | 0 | 1573435088 | 
[INFO] 22:18:53:550 SAC/(8390:8390): Recibiendo atributos..
[INFO] 22:18:53:551 SAC/(8390:8390): /hola2 | 0 | 1573435088 | 939556656 | 1573435088 | 
[INFO] 22:18:53:817 SAC/(8390:8390): Recibiendo atributos..
[INFO] 22:18:53:818 SAC/(8390:8390): /hola2/xd | 0 | 1573435133 | 69990840 | 1573435133 | 
[INFO] 22:19:07:270 SAC/(8390:8390): Recibiendo atributos..
[INFO] 22:19:07:270 SAC/(8390:8390): /hola2 | 0 | 1573435088 | 67521926 | 1573435088 | 
[INFO] 22:19:07:430 SAC/(8390:8390): Recibiendo atributos..
[INFO] 22:19:07:430 SAC/(8390:8390): /hola2/xd | 0 | 1573435133 | 68737625 | 1573435133 | 
[INFO] 22:19:12:697 SAC/(8390:8390): Recibiendo atributos..
[INFO] 22:19:12:699 SAC/(8390:8390): /hola2 | 0 | 1573435088 | 68737625 | 1573435088 | 
[INFO] 22:19:12:793 SAC/(8390:8390): Recibiendo atributos..
[INFO] 22:19:12:794 SAC/(8390:8390): /hola2/xd | 0 | 1573435133 | 68737625 | 1573435133 | 
[INFO] 22:19:25:941 SAC/(8390:8390): Recibiendo atributos..
[INFO] 22:19:25:942 SAC/(8390:8390): /hola2 | 0 | 1573435088 | 68737625 | 1573435088 | 
[INFO] 22:19:28:533 SAC/(8390:8390): Recibiendo atributos..
[INFO] 22:19:28:534 SAC/(8390:8390): /hola | 0 | 1573430145 | 68737625 | 1573430145 | 
[INFO] 22:19:28:613 SAC/(8390:8390): Recibiendo atributos..
[INFO] 22:19:28:614 SAC/(8390:8390): /hola2 | 0 | 1573435088 | 68737625 | 1573435088 | 
[INFO] 22:20:06:458 SAC/(8390:8390): Recibiendo atributos..
[INFO] 22:20:06:458 SAC/(8390:8390): /hola2 | 0 | 1573435088 | 68737625 | 1573435088 | 
[INFO] 22:20:07:609 SAC/(8390:8390): Recibiendo atributos..
[INFO] 22:20:07:610 SAC/(8390:8390): /hola2 | 0 | 1573435088 | 67571215 | 1573435088 | 
[INFO] 22:20:07:694 SAC/(8390:8390): Recibiendo atributos..
[INFO] 22:20:07:694 SAC/(8390:8390): /hola2 | 0 | 1573435088 | 0 | 1573435088 | 
[INFO] 22:20:24:877 SAC/(8390:8390): Recibiendo atributos..
[INFO] 22:20:24:878 SAC/(8390:8390): /hola2 | 0 | 1573435088 | 68737625 | 1573435088 | 
[INFO] 22:20:27:956 SAC/(8390:8390): Recibiendo atributos..
[INFO] 22:20:27:956 SAC/(8390:8390): /hola2 | 0 | 1573435088 | 68737625 | 1573435088 | 
[INFO] 22:20:43:834 SAC/(8390:8390): Recibiendo atributos..
[INFO] 22:20:43:835 SAC/(8390:8390): /hola | 0 | 1573430145 | 68737625 | 1573430145 | 
[INFO] 22:20:45:834 SAC/(8390:8390): Recibiendo atributos..
[INFO] 22:20:45:834 SAC/(8390:8390): /hola2 | 0 | 1573435088 | 68737625 | 1573435088 | 
[INFO] 22:36:21:467 SAC/(9245:9245): Recibiendo atributos..
[INFO] 22:36:21:504 SAC/(9245:9245): /asd | 0 | 1573436181 | 69932512 | 1573436181 | 
[INFO] 22:44:31:706 SAC/(9724:9724): Recibiendo atributos..
[INFO] 22:44:31:753 SAC/(9724:9724): /asd | 0 | 1573436181 | 68737625 | 1573436181 | 
[INFO] 22:44:31:823 SAC/(9724:9724): Recibiendo atributos..
[INFO] 22:44:31:824 SAC/(9724:9724): /hola2 | 0 | 1573435088 | 68737625 | 1573435088 | 
[INFO] 22:44:43:590 SAC/(9724:9724): Recibiendo atributos..
[INFO] 22:44:43:590 SAC/(9724:9724): /asd | 0 | 1573436181 | 68737625 | 1573436181 | 
[INFO] 22:44:44:734 SAC/(9724:9724): Recibiendo atributos..
[INFO] 22:44:44:734 SAC/(9724:9724): /asd | 0 | 1573436181 | 67571215 | 1573436181 | 
[INFO] 22:44:44:814 SAC/(9724:9724): Recibiendo atributos..
[INFO] 22:44:44:814 SAC/(9724:9724): /asd | 0 | 1573436181 | 0 | 1573436181 | 
[INFO] 22:44:46:906 SAC/(9724:9724): Recibiendo atributos..
[INFO] 22:44:46:907 SAC/(9724:9724): /asd | 0 | 1573436181 | 67521926 | 1573436181 | 
[INFO] 22:44:53:30 SAC/(9724:9724): Recibiendo atributos..
[INFO] 22:44:53:30 SAC/(9724:9724): /asd | 0 | 1573436181 | 68737625 | 1573436181 | 
[INFO] 22:44:55:499 SAC/(9724:9724): Recibiendo atributos..
[INFO] 22:44:55:500 SAC/(9724:9724): /asd | 0 | 1573436181 | 68737625 | 1573436181 | 
[INFO] 22:45:05:426 SAC/(9724:9724): Recibiendo atributos..
[INFO] 22:45:05:428 SAC/(9724:9724): /hola2 | 0 | 1573435088 | 68737625 | 1573435088 | 
[INFO] 22:45:06:569 SAC/(9724:9724): Recibiendo atributos..
[INFO] 22:45:06:570 SAC/(9724:9724): /hola2 | 0 | 1573435088 | 67571215 | 1573435088 | 
[INFO] 22:45:06:651 SAC/(9724:9724): Recibiendo atributos..
[INFO] 22:45:06:653 SAC/(9724:9724): /hola2 | 0 | 1573435088 | 0 | 1573435088 | 
[INFO] 22:45:09:542 SAC/(9724:9724): Recibiendo atributos..
[INFO] 22:45:09:543 SAC/(9724:9724): /hola2/hola3 | 0 | 1573436709 | 70017944 | 1573436709 | 
[INFO] 22:45:11:644 SAC/(9724:9724): Recibiendo atributos..
[INFO] 22:45:11:644 SAC/(9724:9724): /hola2 | 0 | 1573435088 | 67521926 | 1573435088 | 
[INFO] 22:45:11:806 SAC/(9724:9724): Recibiendo atributos..
[INFO] 22:45:11:807 SAC/(9724:9724): /hola2/hola3 | 0 | 1573436709 | 68737625 | 1573436709 | 
[INFO] 22:45:11:894 SAC/(9724:9724): Recibiendo atributos..
[INFO] 22:45:11:895 SAC/(9724:9724): /hola2/xd | 0 | 1573435133 | 68737625 | 1573435133 | 
[INFO] 22:54:57:263 SAC/(10236:10236): Recibiendo atributos..
[INFO] 22:54:57:302 SAC/(10236:10236): /hola2 | 0 | 1573435088 | 0 | 1573435088 | 
[INFO] 22:55:01:522 SAC/(10236:10236): Recibiendo atributos..
[INFO] 22:55:01:529 SAC/(10236:10236): /hola2 | 0 | 1573435088 | 0 | 1573435088 | 
